<?xml version="1.0" encoding="UTF-8"?>
<robot generator="Robot 3.2.2 (Python 3.9.0 on win32)" generated="20201110 11:02:54.696" rpa="false">
<suite id="s1" name="TestSuite1" source="D:\Eslam Work\Eclipse\MyRobotProject\test\TestSuite1.robot">
<kw name="Log" library="BuiltIn" type="setup">
<doc>Logs the given message with the given level.</doc>
<arguments>
<arg>I am inside Test Suite Setup</arg>
</arguments>
<msg timestamp="20201110 11:02:55.031" level="INFO">I am inside Test Suite Setup</msg>
<status status="PASS" starttime="20201110 11:02:55.031" endtime="20201110 11:02:55.031"></status>
</kw>
<test id="s1-t1" name="MyFirstTest">
<kw name="Log" library="BuiltIn" type="setup">
<doc>Logs the given message with the given level.</doc>
<arguments>
<arg>I am inside Test Setup</arg>
</arguments>
<msg timestamp="20201110 11:02:55.032" level="INFO">I am inside Test Setup</msg>
<status status="PASS" starttime="20201110 11:02:55.032" endtime="20201110 11:02:55.032"></status>
</kw>
<kw name="Log" library="BuiltIn">
<doc>Logs the given message with the given level.</doc>
<arguments>
<arg>I am inside 1st Test</arg>
</arguments>
<msg timestamp="20201110 11:02:55.033" level="INFO">I am inside 1st Test</msg>
<status status="PASS" starttime="20201110 11:02:55.032" endtime="20201110 11:02:55.033"></status>
</kw>
<kw name="Log" library="BuiltIn" type="teardown">
<doc>Logs the given message with the given level.</doc>
<arguments>
<arg>I am inside Test Teardown</arg>
</arguments>
<msg timestamp="20201110 11:02:55.034" level="INFO">I am inside Test Teardown</msg>
<status status="PASS" starttime="20201110 11:02:55.034" endtime="20201110 11:02:55.034"></status>
</kw>
<tags>
<tag>smoke</tag>
</tags>
<status status="PASS" starttime="20201110 11:02:55.031" endtime="20201110 11:02:55.034" critical="yes"></status>
</test>
<kw name="Log" library="BuiltIn" type="teardown">
<doc>Logs the given message with the given level.</doc>
<arguments>
<arg>I am inside Test Suite Teardown</arg>
</arguments>
<msg timestamp="20201110 11:02:55.037" level="INFO">I am inside Test Suite Teardown</msg>
<status status="PASS" starttime="20201110 11:02:55.037" endtime="20201110 11:02:55.037"></status>
</kw>
<status status="PASS" starttime="20201110 11:02:54.698" endtime="20201110 11:02:55.037"></status>
</suite>
<statistics>
<total>
<stat pass="1" fail="0">Critical Tests</stat>
<stat pass="1" fail="0">All Tests</stat>
</total>
<tag>
<stat pass="1" fail="0">smoke</stat>
</tag>
<suite>
<stat pass="1" fail="0" id="s1" name="TestSuite1">TestSuite1</stat>
</suite>
</statistics>
<errors>
</errors>
</robot>
